[2026-01-15T20:15:31.856+0000] {manager.py:469} INFO - Processing files using up to 2 processes at a time 
[2026-01-15T20:15:31.857+0000] {manager.py:470} INFO - Process each file at most once every 30 seconds
[2026-01-15T20:15:31.857+0000] {manager.py:471} INFO - Checking for new files in /opt/airflow/dags every 300 seconds
[2026-01-15T20:15:31.857+0000] {manager.py:738} INFO - Searching for files in /opt/airflow/dags
[2026-01-15T20:15:31.878+0000] {manager.py:741} INFO - There are 0 files in /opt/airflow/dags
[2026-01-15T20:20:31.913+0000] {manager.py:738} INFO - Searching for files in /opt/airflow/dags
[2026-01-15T20:20:31.923+0000] {manager.py:741} INFO - There are 0 files in /opt/airflow/dags
[2026-01-15T20:25:32.912+0000] {manager.py:738} INFO - Searching for files in /opt/airflow/dags
[2026-01-15T20:25:32.918+0000] {manager.py:741} INFO - There are 0 files in /opt/airflow/dags
[2026-01-15T20:30:33.752+0000] {manager.py:738} INFO - Searching for files in /opt/airflow/dags
[2026-01-15T20:30:33.829+0000] {manager.py:741} INFO - There are 0 files in /opt/airflow/dags
[2026-01-15T20:35:19.533+0000] {manager.py:451} INFO - Exiting gracefully upon receiving signal 15
[2026-01-15T20:35:44.330+0000] {manager.py:469} INFO - Processing files using up to 2 processes at a time 
[2026-01-15T20:35:44.331+0000] {manager.py:470} INFO - Process each file at most once every 30 seconds
[2026-01-15T20:35:44.331+0000] {manager.py:471} INFO - Checking for new files in /opt/airflow/dags every 300 seconds
[2026-01-15T20:35:44.332+0000] {manager.py:738} INFO - Searching for files in /opt/airflow/dags
[2026-01-15T20:35:44.337+0000] {manager.py:741} INFO - There are 0 files in /opt/airflow/dags
[2026-01-15T20:40:45.304+0000] {manager.py:738} INFO - Searching for files in /opt/airflow/dags
[2026-01-15T20:40:45.316+0000] {manager.py:741} INFO - There are 0 files in /opt/airflow/dags
[2026-01-15T20:44:14.475+0000] {manager.py:451} INFO - Exiting gracefully upon receiving signal 15
[2026-03-22T21:51:40.699+0000] {manager.py:469} INFO - Processing files using up to 2 processes at a time 
[2026-03-22T21:51:40.700+0000] {manager.py:470} INFO - Process each file at most once every 30 seconds
[2026-03-22T21:51:40.700+0000] {manager.py:471} INFO - Checking for new files in /opt/airflow/dags every 300 seconds
[2026-03-22T21:51:40.701+0000] {manager.py:738} INFO - Searching for files in /opt/airflow/dags
[2026-03-22T21:51:40.738+0000] {manager.py:741} INFO - There are 1 files in /opt/airflow/dags
[2026-03-22T21:51:40.822+0000] {manager.py:879} INFO - 
================================================================================
DAG File Processing Stats

File Path                                     PID  Runtime      # DAGs    # Errors  Last Runtime    Last Run
------------------------------------------  -----  ---------  --------  ----------  --------------  ----------
/opt/airflow/dags/retail_pipeline_daily.py    203  0.03s             0           0
================================================================================
[2026-03-22T21:52:11.031+0000] {manager.py:879} INFO - 
================================================================================
DAG File Processing Stats

File Path                                   PID    Runtime      # DAGs    # Errors  Last Runtime    Last Run
------------------------------------------  -----  ---------  --------  ----------  --------------  -------------------
/opt/airflow/dags/retail_pipeline_daily.py                           1           0  0.36s           2026-03-22T21:51:41
================================================================================
[2026-03-22T21:52:41.430+0000] {manager.py:879} INFO - 
================================================================================
DAG File Processing Stats

File Path                                   PID    Runtime      # DAGs    # Errors  Last Runtime    Last Run
------------------------------------------  -----  ---------  --------  ----------  --------------  -------------------
/opt/airflow/dags/retail_pipeline_daily.py                           1           0  0.13s           2026-03-22T21:52:11
================================================================================
[2026-03-22T21:53:11.799+0000] {manager.py:879} INFO - 
================================================================================
DAG File Processing Stats

File Path                                     PID  Runtime      # DAGs    # Errors  Last Runtime    Last Run
------------------------------------------  -----  ---------  --------  ----------  --------------  -------------------
/opt/airflow/dags/retail_pipeline_daily.py    221  0.00s             1           0  0.14s           2026-03-22T21:52:41
================================================================================
[2026-03-22T21:53:42.043+0000] {manager.py:879} INFO - 
================================================================================
DAG File Processing Stats

File Path                                     PID  Runtime      # DAGs    # Errors  Last Runtime    Last Run
------------------------------------------  -----  ---------  --------  ----------  --------------  -------------------
/opt/airflow/dags/retail_pipeline_daily.py    226  0.01s             1           0  0.10s           2026-03-22T21:53:11
================================================================================
[2026-03-22T21:54:12.306+0000] {manager.py:879} INFO - 
================================================================================
DAG File Processing Stats

File Path                                     PID  Runtime      # DAGs    # Errors  Last Runtime    Last Run
------------------------------------------  -----  ---------  --------  ----------  --------------  -------------------
/opt/airflow/dags/retail_pipeline_daily.py    231  0.00s             1           0  0.11s           2026-03-22T21:53:42
================================================================================
[2026-03-22T21:54:42.613+0000] {manager.py:879} INFO - 
================================================================================
DAG File Processing Stats

File Path                                     PID  Runtime      # DAGs    # Errors  Last Runtime    Last Run
------------------------------------------  -----  ---------  --------  ----------  --------------  -------------------
/opt/airflow/dags/retail_pipeline_daily.py    236  0.00s             1           0  0.12s           2026-03-22T21:54:12
================================================================================
[2026-03-22T21:55:12.879+0000] {manager.py:879} INFO - 
================================================================================
DAG File Processing Stats

File Path                                     PID  Runtime      # DAGs    # Errors  Last Runtime    Last Run
------------------------------------------  -----  ---------  --------  ----------  --------------  -------------------
/opt/airflow/dags/retail_pipeline_daily.py    241  0.00s             1           0  0.13s           2026-03-22T21:54:42
================================================================================
[2026-03-22T21:55:43.195+0000] {manager.py:879} INFO - 
================================================================================
DAG File Processing Stats

File Path                                     PID  Runtime      # DAGs    # Errors  Last Runtime    Last Run
------------------------------------------  -----  ---------  --------  ----------  --------------  -------------------
/opt/airflow/dags/retail_pipeline_daily.py    246  0.00s             1           0  0.11s           2026-03-22T21:55:12
================================================================================
[2026-03-22T21:56:13.515+0000] {manager.py:879} INFO - 
================================================================================
DAG File Processing Stats

File Path                                     PID  Runtime      # DAGs    # Errors  Last Runtime    Last Run
------------------------------------------  -----  ---------  --------  ----------  --------------  -------------------
/opt/airflow/dags/retail_pipeline_daily.py    251  0.00s             1           0  0.11s           2026-03-22T21:55:43
================================================================================
[2026-03-22T21:56:40.711+0000] {manager.py:738} INFO - Searching for files in /opt/airflow/dags
[2026-03-22T21:56:40.739+0000] {manager.py:741} INFO - There are 1 files in /opt/airflow/dags
[2026-03-22T21:56:43.819+0000] {manager.py:879} INFO - 
================================================================================
DAG File Processing Stats

File Path                                     PID  Runtime      # DAGs    # Errors  Last Runtime    Last Run
------------------------------------------  -----  ---------  --------  ----------  --------------  -------------------
/opt/airflow/dags/retail_pipeline_daily.py    256  0.01s             1           0  0.11s           2026-03-22T21:56:13
================================================================================
[2026-03-22T21:57:13.614+0000] {manager.py:451} INFO - Exiting gracefully upon receiving signal 15
[2026-03-22T21:57:57.258+0000] {manager.py:469} INFO - Processing files using up to 2 processes at a time 
[2026-03-22T21:57:57.258+0000] {manager.py:470} INFO - Process each file at most once every 30 seconds
[2026-03-22T21:57:57.259+0000] {manager.py:471} INFO - Checking for new files in /opt/airflow/dags every 300 seconds
[2026-03-22T21:57:57.259+0000] {manager.py:738} INFO - Searching for files in /opt/airflow/dags
[2026-03-22T21:57:57.272+0000] {manager.py:741} INFO - There are 1 files in /opt/airflow/dags
[2026-03-22T21:57:57.339+0000] {manager.py:879} INFO - 
================================================================================
DAG File Processing Stats

File Path                                     PID  Runtime      # DAGs    # Errors  Last Runtime    Last Run
------------------------------------------  -----  ---------  --------  ----------  --------------  ----------
/opt/airflow/dags/retail_pipeline_daily.py    203  0.03s             0           0
================================================================================
[2026-03-22T21:58:27.526+0000] {manager.py:879} INFO - 
================================================================================
DAG File Processing Stats

File Path                                   PID    Runtime      # DAGs    # Errors  Last Runtime    Last Run
------------------------------------------  -----  ---------  --------  ----------  --------------  -------------------
/opt/airflow/dags/retail_pipeline_daily.py                           1           0  0.26s           2026-03-22T21:57:57
================================================================================
[2026-03-22T21:58:58.034+0000] {manager.py:879} INFO - 
================================================================================
DAG File Processing Stats

File Path                                     PID  Runtime      # DAGs    # Errors  Last Runtime    Last Run
------------------------------------------  -----  ---------  --------  ----------  --------------  -------------------
/opt/airflow/dags/retail_pipeline_daily.py    216  0.01s             1           0  0.11s           2026-03-22T21:58:27
================================================================================
[2026-03-22T21:59:28.385+0000] {manager.py:879} INFO - 
================================================================================
DAG File Processing Stats

File Path                                     PID  Runtime      # DAGs    # Errors  Last Runtime    Last Run
------------------------------------------  -----  ---------  --------  ----------  --------------  -------------------
/opt/airflow/dags/retail_pipeline_daily.py    221  0.00s             1           0  0.11s           2026-03-22T21:58:58
================================================================================
[2026-03-22T21:59:58.679+0000] {manager.py:879} INFO - 
================================================================================
DAG File Processing Stats

File Path                                     PID  Runtime      # DAGs    # Errors  Last Runtime    Last Run
------------------------------------------  -----  ---------  --------  ----------  --------------  -------------------
/opt/airflow/dags/retail_pipeline_daily.py    226  0.00s             1           0  0.11s           2026-03-22T21:59:28
================================================================================
[2026-03-22T22:00:30.145+0000] {manager.py:879} INFO - 
================================================================================
DAG File Processing Stats

File Path                                   PID    Runtime      # DAGs    # Errors  Last Runtime    Last Run
------------------------------------------  -----  ---------  --------  ----------  --------------  -------------------
/opt/airflow/dags/retail_pipeline_daily.py                           1           0  0.20s           2026-03-22T22:00:29
================================================================================
[2026-03-22T22:00:59.391+0000] {manager.py:879} INFO - 
================================================================================
DAG File Processing Stats

File Path                                     PID  Runtime      # DAGs    # Errors  Last Runtime    Last Run
------------------------------------------  -----  ---------  --------  ----------  --------------  -------------------
/opt/airflow/dags/retail_pipeline_daily.py    239  0.01s             1           0  0.20s           2026-03-22T22:00:29
================================================================================
[2026-03-22T22:01:29.802+0000] {manager.py:879} INFO - 
================================================================================
DAG File Processing Stats

File Path                                   PID    Runtime      # DAGs    # Errors  Last Runtime    Last Run
------------------------------------------  -----  ---------  --------  ----------  --------------  -------------------
/opt/airflow/dags/retail_pipeline_daily.py                           1           0  0.12s           2026-03-22T22:01:26
================================================================================
[2026-03-22T22:02:00.156+0000] {manager.py:879} INFO - 
================================================================================
DAG File Processing Stats

File Path                                   PID    Runtime      # DAGs    # Errors  Last Runtime    Last Run
------------------------------------------  -----  ---------  --------  ----------  --------------  -------------------
/opt/airflow/dags/retail_pipeline_daily.py                           1           0  0.13s           2026-03-22T22:01:57
================================================================================
[2026-03-22T22:02:30.461+0000] {manager.py:879} INFO - 
================================================================================
DAG File Processing Stats

File Path                                   PID    Runtime      # DAGs    # Errors  Last Runtime    Last Run
------------------------------------------  -----  ---------  --------  ----------  --------------  -------------------
/opt/airflow/dags/retail_pipeline_daily.py                           1           0  0.10s           2026-03-22T22:02:27
================================================================================
[2026-03-22T22:02:57.686+0000] {manager.py:738} INFO - Searching for files in /opt/airflow/dags
[2026-03-22T22:02:57.701+0000] {manager.py:741} INFO - There are 1 files in /opt/airflow/dags
[2026-03-22T22:03:00.808+0000] {manager.py:879} INFO - 
================================================================================
DAG File Processing Stats

File Path                                   PID    Runtime      # DAGs    # Errors  Last Runtime    Last Run
------------------------------------------  -----  ---------  --------  ----------  --------------  -------------------
/opt/airflow/dags/retail_pipeline_daily.py                           1           0  0.09s           2026-03-22T22:02:57
================================================================================
[2026-03-22T22:03:31.174+0000] {manager.py:879} INFO - 
================================================================================
DAG File Processing Stats

File Path                                   PID    Runtime      # DAGs    # Errors  Last Runtime    Last Run
------------------------------------------  -----  ---------  --------  ----------  --------------  -------------------
/opt/airflow/dags/retail_pipeline_daily.py                           1           0  0.21s           2026-03-22T22:03:28
================================================================================
[2026-03-22T22:04:01.631+0000] {manager.py:879} INFO - 
================================================================================
DAG File Processing Stats

File Path                                   PID    Runtime      # DAGs    # Errors  Last Runtime    Last Run
------------------------------------------  -----  ---------  --------  ----------  --------------  -------------------
/opt/airflow/dags/retail_pipeline_daily.py                           1           0  0.16s           2026-03-22T22:03:58
================================================================================
[2026-03-22T22:04:26.489+0000] {manager.py:451} INFO - Exiting gracefully upon receiving signal 15
[2026-03-22T22:07:55.364+0000] {manager.py:469} INFO - Processing files using up to 2 processes at a time 
[2026-03-22T22:07:55.365+0000] {manager.py:470} INFO - Process each file at most once every 30 seconds
[2026-03-22T22:07:55.365+0000] {manager.py:471} INFO - Checking for new files in /opt/airflow/dags every 300 seconds
[2026-03-22T22:07:55.366+0000] {manager.py:738} INFO - Searching for files in /opt/airflow/dags
[2026-03-22T22:07:55.385+0000] {manager.py:741} INFO - There are 1 files in /opt/airflow/dags
[2026-03-22T22:07:55.450+0000] {manager.py:879} INFO - 
================================================================================
DAG File Processing Stats

File Path                                     PID  Runtime      # DAGs    # Errors  Last Runtime    Last Run
------------------------------------------  -----  ---------  --------  ----------  --------------  ----------
/opt/airflow/dags/retail_pipeline_daily.py    203  0.02s             0           0
================================================================================
[2026-03-22T22:08:25.648+0000] {manager.py:879} INFO - 
================================================================================
DAG File Processing Stats

File Path                                   PID    Runtime      # DAGs    # Errors  Last Runtime    Last Run
------------------------------------------  -----  ---------  --------  ----------  --------------  -------------------
/opt/airflow/dags/retail_pipeline_daily.py                           1           0  0.28s           2026-03-22T22:07:55
================================================================================
[2026-03-22T22:08:56.258+0000] {manager.py:879} INFO - 
================================================================================
DAG File Processing Stats

File Path                                     PID  Runtime      # DAGs    # Errors  Last Runtime    Last Run
------------------------------------------  -----  ---------  --------  ----------  --------------  -------------------
/opt/airflow/dags/retail_pipeline_daily.py    225  0.01s             1           0  0.10s           2026-03-22T22:08:26
================================================================================
[2026-03-22T22:09:25.687+0000] {manager.py:451} INFO - Exiting gracefully upon receiving signal 15
[2026-03-22T22:11:07.193+0000] {manager.py:469} INFO - Processing files using up to 2 processes at a time 
[2026-03-22T22:11:07.193+0000] {manager.py:470} INFO - Process each file at most once every 30 seconds
[2026-03-22T22:11:07.194+0000] {manager.py:471} INFO - Checking for new files in /opt/airflow/dags every 300 seconds
[2026-03-22T22:11:07.194+0000] {manager.py:738} INFO - Searching for files in /opt/airflow/dags
[2026-03-22T22:11:07.219+0000] {manager.py:741} INFO - There are 1 files in /opt/airflow/dags
[2026-03-22T22:11:07.290+0000] {manager.py:879} INFO - 
================================================================================
DAG File Processing Stats

File Path                                     PID  Runtime      # DAGs    # Errors  Last Runtime    Last Run
------------------------------------------  -----  ---------  --------  ----------  --------------  ----------
/opt/airflow/dags/retail_pipeline_daily.py    203  0.03s             0           0
================================================================================
[2026-03-22T22:11:37.493+0000] {manager.py:879} INFO - 
================================================================================
DAG File Processing Stats

File Path                                   PID    Runtime      # DAGs    # Errors  Last Runtime    Last Run
------------------------------------------  -----  ---------  --------  ----------  --------------  -------------------
/opt/airflow/dags/retail_pipeline_daily.py                           1           0  0.29s           2026-03-22T22:11:07
================================================================================
[2026-03-22T22:12:08.081+0000] {manager.py:879} INFO - 
================================================================================
DAG File Processing Stats

File Path                                     PID  Runtime      # DAGs    # Errors  Last Runtime    Last Run
------------------------------------------  -----  ---------  --------  ----------  --------------  -------------------
/opt/airflow/dags/retail_pipeline_daily.py    225  0.00s             1           0  0.11s           2026-03-22T22:11:37
================================================================================
[2026-03-22T22:12:27.534+0000] {manager.py:451} INFO - Exiting gracefully upon receiving signal 15
[2026-03-22T22:13:07.725+0000] {manager.py:469} INFO - Processing files using up to 2 processes at a time 
[2026-03-22T22:13:07.726+0000] {manager.py:470} INFO - Process each file at most once every 30 seconds
[2026-03-22T22:13:07.726+0000] {manager.py:471} INFO - Checking for new files in /opt/airflow/dags every 300 seconds
[2026-03-22T22:13:07.727+0000] {manager.py:738} INFO - Searching for files in /opt/airflow/dags
[2026-03-22T22:13:07.741+0000] {manager.py:741} INFO - There are 1 files in /opt/airflow/dags
[2026-03-22T22:13:07.806+0000] {manager.py:879} INFO - 
================================================================================
DAG File Processing Stats

File Path                                     PID  Runtime      # DAGs    # Errors  Last Runtime    Last Run
------------------------------------------  -----  ---------  --------  ----------  --------------  ----------
/opt/airflow/dags/retail_pipeline_daily.py    203  0.03s             0           0
================================================================================
[2026-03-22T22:13:37.986+0000] {manager.py:879} INFO - 
================================================================================
DAG File Processing Stats

File Path                                   PID    Runtime      # DAGs    # Errors  Last Runtime    Last Run
------------------------------------------  -----  ---------  --------  ----------  --------------  -------------------
/opt/airflow/dags/retail_pipeline_daily.py                           1           0  0.25s           2026-03-22T22:13:08
================================================================================
[2026-03-22T22:14:08.468+0000] {manager.py:879} INFO - 
================================================================================
DAG File Processing Stats

File Path                                     PID  Runtime      # DAGs    # Errors  Last Runtime    Last Run
------------------------------------------  -----  ---------  --------  ----------  --------------  -------------------
/opt/airflow/dags/retail_pipeline_daily.py    227  0.00s             1           0  0.11s           2026-03-22T22:13:38
================================================================================
[2026-03-22T22:14:38.724+0000] {manager.py:879} INFO - 
================================================================================
DAG File Processing Stats

File Path                                     PID  Runtime      # DAGs    # Errors  Last Runtime    Last Run
------------------------------------------  -----  ---------  --------  ----------  --------------  -------------------
/opt/airflow/dags/retail_pipeline_daily.py    232  0.00s             1           0  0.11s           2026-03-22T22:14:08
================================================================================
[2026-03-22T22:15:09.084+0000] {manager.py:879} INFO - 
================================================================================
DAG File Processing Stats

File Path                                     PID  Runtime      # DAGs    # Errors  Last Runtime    Last Run
------------------------------------------  -----  ---------  --------  ----------  --------------  -------------------
/opt/airflow/dags/retail_pipeline_daily.py    237  0.00s             1           0  0.13s           2026-03-22T22:14:38
================================================================================
[2026-03-22T22:15:39.330+0000] {manager.py:879} INFO - 
================================================================================
DAG File Processing Stats

File Path                                     PID  Runtime      # DAGs    # Errors  Last Runtime    Last Run
------------------------------------------  -----  ---------  --------  ----------  --------------  -------------------
/opt/airflow/dags/retail_pipeline_daily.py    242  0.00s             1           0  0.12s           2026-03-22T22:15:09
================================================================================
[2026-03-22T22:16:09.622+0000] {manager.py:879} INFO - 
================================================================================
DAG File Processing Stats

File Path                                     PID  Runtime      # DAGs    # Errors  Last Runtime    Last Run
------------------------------------------  -----  ---------  --------  ----------  --------------  -------------------
/opt/airflow/dags/retail_pipeline_daily.py    247  0.00s             1           0  0.12s           2026-03-22T22:15:39
================================================================================
[2026-03-22T22:16:39.894+0000] {manager.py:879} INFO - 
================================================================================
DAG File Processing Stats

File Path                                     PID  Runtime      # DAGs    # Errors  Last Runtime    Last Run
------------------------------------------  -----  ---------  --------  ----------  --------------  -------------------
/opt/airflow/dags/retail_pipeline_daily.py    252  0.00s             1           0  0.20s           2026-03-22T22:16:09
================================================================================
[2026-03-22T22:17:10.110+0000] {manager.py:879} INFO - 
================================================================================
DAG File Processing Stats

File Path                                     PID  Runtime      # DAGs    # Errors  Last Runtime    Last Run
------------------------------------------  -----  ---------  --------  ----------  --------------  -------------------
/opt/airflow/dags/retail_pipeline_daily.py    257  0.00s             1           0  0.11s           2026-03-22T22:16:40
================================================================================
[2026-03-22T22:17:40.464+0000] {manager.py:879} INFO - 
================================================================================
DAG File Processing Stats

File Path                                     PID  Runtime      # DAGs    # Errors  Last Runtime    Last Run
------------------------------------------  -----  ---------  --------  ----------  --------------  -------------------
/opt/airflow/dags/retail_pipeline_daily.py    262  0.00s             1           0  0.12s           2026-03-22T22:17:10
================================================================================
[2026-03-22T22:18:07.754+0000] {manager.py:738} INFO - Searching for files in /opt/airflow/dags
[2026-03-22T22:18:07.772+0000] {manager.py:741} INFO - There are 1 files in /opt/airflow/dags
[2026-03-22T22:18:10.690+0000] {manager.py:879} INFO - 
================================================================================
DAG File Processing Stats

File Path                                     PID  Runtime      # DAGs    # Errors  Last Runtime    Last Run
------------------------------------------  -----  ---------  --------  ----------  --------------  -------------------
/opt/airflow/dags/retail_pipeline_daily.py    267  0.00s             1           0  0.10s           2026-03-22T22:17:40
================================================================================
[2026-03-22T22:18:40.937+0000] {manager.py:879} INFO - 
================================================================================
DAG File Processing Stats

File Path                                     PID  Runtime      # DAGs    # Errors  Last Runtime    Last Run
------------------------------------------  -----  ---------  --------  ----------  --------------  -------------------
/opt/airflow/dags/retail_pipeline_daily.py    272  0.00s             1           0  0.10s           2026-03-22T22:18:10
================================================================================
[2026-03-22T22:19:11.216+0000] {manager.py:879} INFO - 
================================================================================
DAG File Processing Stats

File Path                                     PID  Runtime      # DAGs    # Errors  Last Runtime    Last Run
------------------------------------------  -----  ---------  --------  ----------  --------------  -------------------
/opt/airflow/dags/retail_pipeline_daily.py    277  0.00s             1           0  0.12s           2026-03-22T22:18:41
================================================================================
[2026-03-22T22:19:41.504+0000] {manager.py:879} INFO - 
================================================================================
DAG File Processing Stats

File Path                                     PID  Runtime      # DAGs    # Errors  Last Runtime    Last Run
------------------------------------------  -----  ---------  --------  ----------  --------------  -------------------
/opt/airflow/dags/retail_pipeline_daily.py    282  0.00s             1           0  0.11s           2026-03-22T22:19:11
================================================================================
[2026-03-22T22:20:11.972+0000] {manager.py:879} INFO - 
================================================================================
DAG File Processing Stats

File Path                                     PID  Runtime      # DAGs    # Errors  Last Runtime    Last Run
------------------------------------------  -----  ---------  --------  ----------  --------------  -------------------
/opt/airflow/dags/retail_pipeline_daily.py    287  0.00s             1           0  0.12s           2026-03-22T22:19:41
================================================================================
[2026-03-22T22:20:42.437+0000] {manager.py:879} INFO - 
================================================================================
DAG File Processing Stats

File Path                                     PID  Runtime      # DAGs    # Errors  Last Runtime    Last Run
------------------------------------------  -----  ---------  --------  ----------  --------------  -------------------
/opt/airflow/dags/retail_pipeline_daily.py    292  0.00s             1           0  0.33s           2026-03-22T22:20:12
================================================================================
[2026-03-22T22:21:12.946+0000] {manager.py:879} INFO - 
================================================================================
DAG File Processing Stats

File Path                                     PID  Runtime      # DAGs    # Errors  Last Runtime    Last Run
------------------------------------------  -----  ---------  --------  ----------  --------------  -------------------
/opt/airflow/dags/retail_pipeline_daily.py    297  0.01s             1           0  0.26s           2026-03-22T22:20:42
================================================================================
[2026-03-22T22:21:43.557+0000] {manager.py:879} INFO - 
================================================================================
DAG File Processing Stats

File Path                                     PID  Runtime      # DAGs    # Errors  Last Runtime    Last Run
------------------------------------------  -----  ---------  --------  ----------  --------------  -------------------
/opt/airflow/dags/retail_pipeline_daily.py    302  0.00s             1           0  0.34s           2026-03-22T22:21:13
================================================================================
[2026-03-22T22:22:14.874+0000] {manager.py:879} INFO - 
================================================================================
DAG File Processing Stats

File Path                                   PID    Runtime      # DAGs    # Errors  Last Runtime    Last Run
------------------------------------------  -----  ---------  --------  ----------  --------------  -------------------
/opt/airflow/dags/retail_pipeline_daily.py                           1           0  0.09s           2026-03-22T22:22:13
================================================================================
[2026-03-22T22:22:44.224+0000] {manager.py:879} INFO - 
================================================================================
DAG File Processing Stats

File Path                                     PID  Runtime      # DAGs    # Errors  Last Runtime    Last Run
------------------------------------------  -----  ---------  --------  ----------  --------------  -------------------
/opt/airflow/dags/retail_pipeline_daily.py    312  0.00s             1           0  0.09s           2026-03-22T22:22:13
================================================================================
[2026-03-22T22:23:08.420+0000] {manager.py:738} INFO - Searching for files in /opt/airflow/dags
[2026-03-22T22:23:08.575+0000] {manager.py:741} INFO - There are 1 files in /opt/airflow/dags
[2026-03-22T22:23:14.644+0000] {manager.py:879} INFO - 
================================================================================
DAG File Processing Stats

File Path                                     PID  Runtime      # DAGs    # Errors  Last Runtime    Last Run
------------------------------------------  -----  ---------  --------  ----------  --------------  -------------------
/opt/airflow/dags/retail_pipeline_daily.py    317  0.00s             1           0  0.11s           2026-03-22T22:22:44
================================================================================
[2026-03-22T22:23:45.055+0000] {manager.py:879} INFO - 
================================================================================
DAG File Processing Stats

File Path                                     PID  Runtime      # DAGs    # Errors  Last Runtime    Last Run
------------------------------------------  -----  ---------  --------  ----------  --------------  -------------------
/opt/airflow/dags/retail_pipeline_daily.py    322  0.00s             1           0  0.11s           2026-03-22T22:23:14
================================================================================
[2026-03-22T22:24:15.553+0000] {manager.py:879} INFO - 
================================================================================
DAG File Processing Stats

File Path                                     PID  Runtime      # DAGs    # Errors  Last Runtime    Last Run
------------------------------------------  -----  ---------  --------  ----------  --------------  -------------------
/opt/airflow/dags/retail_pipeline_daily.py    327  0.01s             1           0  0.13s           2026-03-22T22:23:45
================================================================================
[2026-03-22T22:24:45.987+0000] {manager.py:879} INFO - 
================================================================================
DAG File Processing Stats

File Path                                     PID  Runtime      # DAGs    # Errors  Last Runtime    Last Run
------------------------------------------  -----  ---------  --------  ----------  --------------  -------------------
/opt/airflow/dags/retail_pipeline_daily.py    332  0.01s             1           0  0.21s           2026-03-22T22:24:15
================================================================================
[2026-03-22T22:25:16.440+0000] {manager.py:879} INFO - 
================================================================================
DAG File Processing Stats

File Path                                     PID  Runtime      # DAGs    # Errors  Last Runtime    Last Run
------------------------------------------  -----  ---------  --------  ----------  --------------  -------------------
/opt/airflow/dags/retail_pipeline_daily.py    337  0.00s             1           0  0.22s           2026-03-22T22:24:46
================================================================================
[2026-03-22T22:25:46.780+0000] {manager.py:879} INFO - 
================================================================================
DAG File Processing Stats

File Path                                     PID  Runtime      # DAGs    # Errors  Last Runtime    Last Run
------------------------------------------  -----  ---------  --------  ----------  --------------  -------------------
/opt/airflow/dags/retail_pipeline_daily.py    342  0.00s             1           0  0.24s           2026-03-22T22:25:16
================================================================================
[2026-03-22T22:26:17.028+0000] {manager.py:879} INFO - 
================================================================================
DAG File Processing Stats

File Path                                     PID  Runtime      # DAGs    # Errors  Last Runtime    Last Run
------------------------------------------  -----  ---------  --------  ----------  --------------  -------------------
/opt/airflow/dags/retail_pipeline_daily.py    347  0.00s             1           0  0.10s           2026-03-22T22:25:46
================================================================================
[2026-03-22T22:26:47.296+0000] {manager.py:879} INFO - 
================================================================================
DAG File Processing Stats

File Path                                     PID  Runtime      # DAGs    # Errors  Last Runtime    Last Run
------------------------------------------  -----  ---------  --------  ----------  --------------  -------------------
/opt/airflow/dags/retail_pipeline_daily.py    352  0.00s             1           0  0.10s           2026-03-22T22:26:17
================================================================================
[2026-03-22T22:27:17.557+0000] {manager.py:879} INFO - 
================================================================================
DAG File Processing Stats

File Path                                     PID  Runtime      # DAGs    # Errors  Last Runtime    Last Run
------------------------------------------  -----  ---------  --------  ----------  --------------  -------------------
/opt/airflow/dags/retail_pipeline_daily.py    357  0.00s             1           0  0.12s           2026-03-22T22:26:47
================================================================================
[2026-03-22T22:27:47.881+0000] {manager.py:879} INFO - 
================================================================================
DAG File Processing Stats

File Path                                     PID  Runtime      # DAGs    # Errors  Last Runtime    Last Run
------------------------------------------  -----  ---------  --------  ----------  --------------  -------------------
/opt/airflow/dags/retail_pipeline_daily.py    362  0.00s             1           0  0.12s           2026-03-22T22:27:17
================================================================================
[2026-03-22T22:28:09.036+0000] {manager.py:738} INFO - Searching for files in /opt/airflow/dags
[2026-03-22T22:28:09.060+0000] {manager.py:741} INFO - There are 1 files in /opt/airflow/dags
[2026-03-22T22:28:18.178+0000] {manager.py:879} INFO - 
================================================================================
DAG File Processing Stats

File Path                                     PID  Runtime      # DAGs    # Errors  Last Runtime    Last Run
------------------------------------------  -----  ---------  --------  ----------  --------------  -------------------
/opt/airflow/dags/retail_pipeline_daily.py    367  0.00s             1           0  0.09s           2026-03-22T22:27:47
================================================================================
[2026-03-22T22:28:48.492+0000] {manager.py:879} INFO - 
================================================================================
DAG File Processing Stats

File Path                                     PID  Runtime      # DAGs    # Errors  Last Runtime    Last Run
------------------------------------------  -----  ---------  --------  ----------  --------------  -------------------
/opt/airflow/dags/retail_pipeline_daily.py    372  0.00s             1           0  0.12s           2026-03-22T22:28:18
================================================================================
[2026-03-22T22:29:18.784+0000] {manager.py:879} INFO - 
================================================================================
DAG File Processing Stats

File Path                                     PID  Runtime      # DAGs    # Errors  Last Runtime    Last Run
------------------------------------------  -----  ---------  --------  ----------  --------------  -------------------
/opt/airflow/dags/retail_pipeline_daily.py    377  0.00s             1           0  0.23s           2026-03-22T22:28:48
================================================================================
[2026-03-22T22:29:49.056+0000] {manager.py:879} INFO - 
================================================================================
DAG File Processing Stats

File Path                                     PID  Runtime      # DAGs    # Errors  Last Runtime    Last Run
------------------------------------------  -----  ---------  --------  ----------  --------------  -------------------
/opt/airflow/dags/retail_pipeline_daily.py    382  0.01s             1           0  0.13s           2026-03-22T22:29:18
================================================================================
[2026-03-22T22:30:19.378+0000] {manager.py:879} INFO - 
================================================================================
DAG File Processing Stats

File Path                                     PID  Runtime      # DAGs    # Errors  Last Runtime    Last Run
------------------------------------------  -----  ---------  --------  ----------  --------------  -------------------
/opt/airflow/dags/retail_pipeline_daily.py    387  0.01s             1           0  0.10s           2026-03-22T22:29:49
================================================================================
[2026-03-22T22:30:49.811+0000] {manager.py:879} INFO - 
================================================================================
DAG File Processing Stats

File Path                                     PID  Runtime      # DAGs    # Errors  Last Runtime    Last Run
------------------------------------------  -----  ---------  --------  ----------  --------------  -------------------
/opt/airflow/dags/retail_pipeline_daily.py    392  0.01s             1           0  0.12s           2026-03-22T22:30:19
================================================================================
[2026-03-22T22:31:20.246+0000] {manager.py:879} INFO - 
================================================================================
DAG File Processing Stats

File Path                                     PID  Runtime      # DAGs    # Errors  Last Runtime    Last Run
------------------------------------------  -----  ---------  --------  ----------  --------------  -------------------
/opt/airflow/dags/retail_pipeline_daily.py    397  0.00s             1           0  0.11s           2026-03-22T22:30:49
================================================================================
[2026-03-22T22:31:50.509+0000] {manager.py:879} INFO - 
================================================================================
DAG File Processing Stats

File Path                                     PID  Runtime      # DAGs    # Errors  Last Runtime    Last Run
------------------------------------------  -----  ---------  --------  ----------  --------------  -------------------
/opt/airflow/dags/retail_pipeline_daily.py    402  0.00s             1           0  0.11s           2026-03-22T22:31:20
================================================================================
[2026-03-22T22:32:20.999+0000] {manager.py:879} INFO - 
================================================================================
DAG File Processing Stats

File Path                                     PID  Runtime      # DAGs    # Errors  Last Runtime    Last Run
------------------------------------------  -----  ---------  --------  ----------  --------------  -------------------
/opt/airflow/dags/retail_pipeline_daily.py    407  0.01s             1           0  0.19s           2026-03-22T22:31:50
================================================================================
[2026-03-22T22:32:51.390+0000] {manager.py:879} INFO - 
================================================================================
DAG File Processing Stats

File Path                                     PID  Runtime      # DAGs    # Errors  Last Runtime    Last Run
------------------------------------------  -----  ---------  --------  ----------  --------------  -------------------
/opt/airflow/dags/retail_pipeline_daily.py    412  0.01s             1           0  0.32s           2026-03-22T22:32:21
================================================================================
[2026-03-22T22:33:09.564+0000] {manager.py:738} INFO - Searching for files in /opt/airflow/dags
[2026-03-22T22:33:09.617+0000] {manager.py:741} INFO - There are 1 files in /opt/airflow/dags
[2026-03-22T22:33:21.761+0000] {manager.py:879} INFO - 
================================================================================
DAG File Processing Stats

File Path                                     PID  Runtime      # DAGs    # Errors  Last Runtime    Last Run
------------------------------------------  -----  ---------  --------  ----------  --------------  -------------------
/opt/airflow/dags/retail_pipeline_daily.py    417  0.00s             1           0  0.11s           2026-03-22T22:32:51
================================================================================
[2026-03-22T22:33:52.182+0000] {manager.py:879} INFO - 
================================================================================
DAG File Processing Stats

File Path                                     PID  Runtime      # DAGs    # Errors  Last Runtime    Last Run
------------------------------------------  -----  ---------  --------  ----------  --------------  -------------------
/opt/airflow/dags/retail_pipeline_daily.py    422  0.01s             1           0  0.13s           2026-03-22T22:33:21
================================================================================
[2026-03-22T22:34:22.473+0000] {manager.py:879} INFO - 
================================================================================
DAG File Processing Stats

File Path                                     PID  Runtime      # DAGs    # Errors  Last Runtime    Last Run
------------------------------------------  -----  ---------  --------  ----------  --------------  -------------------
/opt/airflow/dags/retail_pipeline_daily.py    427  0.00s             1           0  0.13s           2026-03-22T22:33:52
================================================================================
[2026-03-22T22:34:53.092+0000] {manager.py:879} INFO - 
================================================================================
DAG File Processing Stats

File Path                                     PID  Runtime      # DAGs    # Errors  Last Runtime    Last Run
------------------------------------------  -----  ---------  --------  ----------  --------------  -------------------
/opt/airflow/dags/retail_pipeline_daily.py    432  0.00s             1           0  0.12s           2026-03-22T22:34:22
================================================================================
[2026-03-22T22:35:23.575+0000] {manager.py:879} INFO - 
================================================================================
DAG File Processing Stats

File Path                                     PID  Runtime      # DAGs    # Errors  Last Runtime    Last Run
------------------------------------------  -----  ---------  --------  ----------  --------------  -------------------
/opt/airflow/dags/retail_pipeline_daily.py    437  0.00s             1           0  0.26s           2026-03-22T22:34:53
================================================================================
[2026-03-22T22:35:54.027+0000] {manager.py:879} INFO - 
================================================================================
DAG File Processing Stats

File Path                                     PID  Runtime      # DAGs    # Errors  Last Runtime    Last Run
------------------------------------------  -----  ---------  --------  ----------  --------------  -------------------
/opt/airflow/dags/retail_pipeline_daily.py    442  0.01s             1           0  0.41s           2026-03-22T22:35:23
================================================================================
[2026-03-22T22:36:24.304+0000] {manager.py:879} INFO - 
================================================================================
DAG File Processing Stats

File Path                                     PID  Runtime      # DAGs    # Errors  Last Runtime    Last Run
------------------------------------------  -----  ---------  --------  ----------  --------------  -------------------
/opt/airflow/dags/retail_pipeline_daily.py    447  0.00s             1           0  0.11s           2026-03-22T22:35:54
================================================================================
[2026-03-22T22:36:54.651+0000] {manager.py:879} INFO - 
================================================================================
DAG File Processing Stats

File Path                                     PID  Runtime      # DAGs    # Errors  Last Runtime    Last Run
------------------------------------------  -----  ---------  --------  ----------  --------------  -------------------
/opt/airflow/dags/retail_pipeline_daily.py    452  0.00s             1           0  0.10s           2026-03-22T22:36:24
================================================================================
[2026-03-22T22:37:24.889+0000] {manager.py:879} INFO - 
================================================================================
DAG File Processing Stats

File Path                                   PID    Runtime      # DAGs    # Errors  Last Runtime    Last Run
------------------------------------------  -----  ---------  --------  ----------  --------------  -------------------
/opt/airflow/dags/retail_pipeline_daily.py                           1           0  0.25s           2026-03-22T22:36:54
================================================================================
[2026-03-22T22:37:55.412+0000] {manager.py:879} INFO - 
================================================================================
DAG File Processing Stats

File Path                                     PID  Runtime      # DAGs    # Errors  Last Runtime    Last Run
------------------------------------------  -----  ---------  --------  ----------  --------------  -------------------
/opt/airflow/dags/retail_pipeline_daily.py    462  0.01s             1           0  0.13s           2026-03-22T22:37:25
================================================================================
[2026-03-22T22:38:09.589+0000] {manager.py:738} INFO - Searching for files in /opt/airflow/dags
[2026-03-22T22:38:09.613+0000] {manager.py:741} INFO - There are 1 files in /opt/airflow/dags
[2026-03-22T22:38:25.684+0000] {manager.py:879} INFO - 
================================================================================
DAG File Processing Stats

File Path                                     PID  Runtime      # DAGs    # Errors  Last Runtime    Last Run
------------------------------------------  -----  ---------  --------  ----------  --------------  -------------------
/opt/airflow/dags/retail_pipeline_daily.py    467  0.00s             1           0  0.10s           2026-03-22T22:37:55
================================================================================
[2026-03-22T22:38:56.002+0000] {manager.py:879} INFO - 
================================================================================
DAG File Processing Stats

File Path                                     PID  Runtime      # DAGs    # Errors  Last Runtime    Last Run
------------------------------------------  -----  ---------  --------  ----------  --------------  -------------------
/opt/airflow/dags/retail_pipeline_daily.py    472  0.00s             1           0  0.10s           2026-03-22T22:38:25
================================================================================
[2026-03-22T22:39:26.314+0000] {manager.py:879} INFO - 
================================================================================
DAG File Processing Stats

File Path                                     PID  Runtime      # DAGs    # Errors  Last Runtime    Last Run
------------------------------------------  -----  ---------  --------  ----------  --------------  -------------------
/opt/airflow/dags/retail_pipeline_daily.py    477  0.00s             1           0  0.11s           2026-03-22T22:38:56
================================================================================
[2026-03-22T22:39:56.763+0000] {manager.py:879} INFO - 
================================================================================
DAG File Processing Stats

File Path                                     PID  Runtime      # DAGs    # Errors  Last Runtime    Last Run
------------------------------------------  -----  ---------  --------  ----------  --------------  -------------------
/opt/airflow/dags/retail_pipeline_daily.py    482  0.00s             1           0  0.09s           2026-03-22T22:39:26
================================================================================
[2026-03-22T22:40:27.235+0000] {manager.py:879} INFO - 
================================================================================
DAG File Processing Stats

File Path                                     PID  Runtime      # DAGs    # Errors  Last Runtime    Last Run
------------------------------------------  -----  ---------  --------  ----------  --------------  -------------------
/opt/airflow/dags/retail_pipeline_daily.py    487  0.00s             1           0  0.12s           2026-03-22T22:39:56
================================================================================
[2026-03-22T22:40:57.512+0000] {manager.py:879} INFO - 
================================================================================
DAG File Processing Stats

File Path                                     PID  Runtime      # DAGs    # Errors  Last Runtime    Last Run
------------------------------------------  -----  ---------  --------  ----------  --------------  -------------------
/opt/airflow/dags/retail_pipeline_daily.py    492  0.01s             1           0  0.13s           2026-03-22T22:40:27
================================================================================
[2026-03-22T22:41:27.960+0000] {manager.py:879} INFO - 
================================================================================
DAG File Processing Stats

File Path                                     PID  Runtime      # DAGs    # Errors  Last Runtime    Last Run
------------------------------------------  -----  ---------  --------  ----------  --------------  -------------------
/opt/airflow/dags/retail_pipeline_daily.py    497  0.00s             1           0  0.12s           2026-03-22T22:40:57
================================================================================
[2026-03-22T22:41:58.293+0000] {manager.py:879} INFO - 
================================================================================
DAG File Processing Stats

File Path                                     PID  Runtime      # DAGs    # Errors  Last Runtime    Last Run
------------------------------------------  -----  ---------  --------  ----------  --------------  -------------------
/opt/airflow/dags/retail_pipeline_daily.py    502  0.00s             1           0  0.24s           2026-03-22T22:41:28
================================================================================
[2026-03-22T22:42:16.788+0000] {manager.py:451} INFO - Exiting gracefully upon receiving signal 15
